Grammar

    0 $accept: program $end

    1 program: program term
    2        | term

    3 term: OP
    4     | NEQ
    5     | GEQ
    6     | LEQ
    7     | AND
    8     | PRECOMPILER
    9     | NUMCONST
   10     | ID
   11     | INT
   12     | CHAR
   13     | STRINGCONST
   14     | IF
   15     | THEN
   16     | ELSE
   17     | WHILE
   18     | DO
   19     | FOR
   20     | TO
   21     | BY
   22     | OR
   23     | BOOL
   24     | STATIC
   25     | RETURN
   26     | BREAK
   27     | BOOLCONST
   28     | COMMENT
   29     | MAX
   30     | MIN
   31     | MULASS
   32     | DIVASS
   33     | ADDASS
   34     | SUBASS
   35     | NOT
   36     | EQ
   37     | CHARCONST
   38     | INC
   39     | DEC
   40     | ERROR


Terminals, with rules where they appear

$end (0) 0
error (256)
OP (258) 3
NEQ (259) 4
LEQ (260) 6
GEQ (261) 5
MAX (262) 29
MIN (263) 30
INC (264) 38
DEC (265) 39
AND (266) 7
OR (267) 22
NOT (268) 35
PRECOMPILER (269) 8
NUMCONST (270) 9
ERROR (271) 40
ID (272) 10
INT (273) 11
CHAR (274) 12
IF (275) 14
THEN (276) 15
ELSE (277) 16
WHILE (278) 17
DO (279) 18
FOR (280) 19
TO (281) 20
BY (282) 21
COMMENT (283) 28
STRINGCONST (284) 13
CHARCONST (285) 37
BOOL (286) 23
STATIC (287) 24
RETURN (288) 25
BREAK (289) 26
BOOLCONST (290) 27
SUBASS (291) 34
ADDASS (292) 33
MULASS (293) 31
DIVASS (294) 32
EQ (295) 36


Nonterminals, with rules where they appear

$accept (41)
    on left: 0
program (42)
    on left: 1 2, on right: 0 1
term (43)
    on left: 3 4 5 6 7 8 9 10 11 12 13 14 15 16 17 18 19 20 21 22 23
    24 25 26 27 28 29 30 31 32 33 34 35 36 37 38 39 40, on right: 1
    2


State 0

    0 $accept: . program $end

    OP           shift, and go to state 1
    NEQ          shift, and go to state 2
    LEQ          shift, and go to state 3
    GEQ          shift, and go to state 4
    MAX          shift, and go to state 5
    MIN          shift, and go to state 6
    INC          shift, and go to state 7
    DEC          shift, and go to state 8
    AND          shift, and go to state 9
    OR           shift, and go to state 10
    NOT          shift, and go to state 11
    PRECOMPILER  shift, and go to state 12
    NUMCONST     shift, and go to state 13
    ERROR        shift, and go to state 14
    ID           shift, and go to state 15
    INT          shift, and go to state 16
    CHAR         shift, and go to state 17
    IF           shift, and go to state 18
    THEN         shift, and go to state 19
    ELSE         shift, and go to state 20
    WHILE        shift, and go to state 21
    DO           shift, and go to state 22
    FOR          shift, and go to state 23
    TO           shift, and go to state 24
    BY           shift, and go to state 25
    COMMENT      shift, and go to state 26
    STRINGCONST  shift, and go to state 27
    CHARCONST    shift, and go to state 28
    BOOL         shift, and go to state 29
    STATIC       shift, and go to state 30
    RETURN       shift, and go to state 31
    BREAK        shift, and go to state 32
    BOOLCONST    shift, and go to state 33
    SUBASS       shift, and go to state 34
    ADDASS       shift, and go to state 35
    MULASS       shift, and go to state 36
    DIVASS       shift, and go to state 37
    EQ           shift, and go to state 38

    program  go to state 39
    term     go to state 40


State 1

    3 term: OP .

    $default  reduce using rule 3 (term)


State 2

    4 term: NEQ .

    $default  reduce using rule 4 (term)


State 3

    6 term: LEQ .

    $default  reduce using rule 6 (term)


State 4

    5 term: GEQ .

    $default  reduce using rule 5 (term)


State 5

   29 term: MAX .

    $default  reduce using rule 29 (term)


State 6

   30 term: MIN .

    $default  reduce using rule 30 (term)


State 7

   38 term: INC .

    $default  reduce using rule 38 (term)


State 8

   39 term: DEC .

    $default  reduce using rule 39 (term)


State 9

    7 term: AND .

    $default  reduce using rule 7 (term)


State 10

   22 term: OR .

    $default  reduce using rule 22 (term)


State 11

   35 term: NOT .

    $default  reduce using rule 35 (term)


State 12

    8 term: PRECOMPILER .

    $default  reduce using rule 8 (term)


State 13

    9 term: NUMCONST .

    $default  reduce using rule 9 (term)


State 14

   40 term: ERROR .

    $default  reduce using rule 40 (term)


State 15

   10 term: ID .

    $default  reduce using rule 10 (term)


State 16

   11 term: INT .

    $default  reduce using rule 11 (term)


State 17

   12 term: CHAR .

    $default  reduce using rule 12 (term)


State 18

   14 term: IF .

    $default  reduce using rule 14 (term)


State 19

   15 term: THEN .

    $default  reduce using rule 15 (term)


State 20

   16 term: ELSE .

    $default  reduce using rule 16 (term)


State 21

   17 term: WHILE .

    $default  reduce using rule 17 (term)


State 22

   18 term: DO .

    $default  reduce using rule 18 (term)


State 23

   19 term: FOR .

    $default  reduce using rule 19 (term)


State 24

   20 term: TO .

    $default  reduce using rule 20 (term)


State 25

   21 term: BY .

    $default  reduce using rule 21 (term)


State 26

   28 term: COMMENT .

    $default  reduce using rule 28 (term)


State 27

   13 term: STRINGCONST .

    $default  reduce using rule 13 (term)


State 28

   37 term: CHARCONST .

    $default  reduce using rule 37 (term)


State 29

   23 term: BOOL .

    $default  reduce using rule 23 (term)


State 30

   24 term: STATIC .

    $default  reduce using rule 24 (term)


State 31

   25 term: RETURN .

    $default  reduce using rule 25 (term)


State 32

   26 term: BREAK .

    $default  reduce using rule 26 (term)


State 33

   27 term: BOOLCONST .

    $default  reduce using rule 27 (term)


State 34

   34 term: SUBASS .

    $default  reduce using rule 34 (term)


State 35

   33 term: ADDASS .

    $default  reduce using rule 33 (term)


State 36

   31 term: MULASS .

    $default  reduce using rule 31 (term)


State 37

   32 term: DIVASS .

    $default  reduce using rule 32 (term)


State 38

   36 term: EQ .

    $default  reduce using rule 36 (term)


State 39

    0 $accept: program . $end
    1 program: program . term

    $end         shift, and go to state 41
    OP           shift, and go to state 1
    NEQ          shift, and go to state 2
    LEQ          shift, and go to state 3
    GEQ          shift, and go to state 4
    MAX          shift, and go to state 5
    MIN          shift, and go to state 6
    INC          shift, and go to state 7
    DEC          shift, and go to state 8
    AND          shift, and go to state 9
    OR           shift, and go to state 10
    NOT          shift, and go to state 11
    PRECOMPILER  shift, and go to state 12
    NUMCONST     shift, and go to state 13
    ERROR        shift, and go to state 14
    ID           shift, and go to state 15
    INT          shift, and go to state 16
    CHAR         shift, and go to state 17
    IF           shift, and go to state 18
    THEN         shift, and go to state 19
    ELSE         shift, and go to state 20
    WHILE        shift, and go to state 21
    DO           shift, and go to state 22
    FOR          shift, and go to state 23
    TO           shift, and go to state 24
    BY           shift, and go to state 25
    COMMENT      shift, and go to state 26
    STRINGCONST  shift, and go to state 27
    CHARCONST    shift, and go to state 28
    BOOL         shift, and go to state 29
    STATIC       shift, and go to state 30
    RETURN       shift, and go to state 31
    BREAK        shift, and go to state 32
    BOOLCONST    shift, and go to state 33
    SUBASS       shift, and go to state 34
    ADDASS       shift, and go to state 35
    MULASS       shift, and go to state 36
    DIVASS       shift, and go to state 37
    EQ           shift, and go to state 38

    term  go to state 42


State 40

    2 program: term .

    $default  reduce using rule 2 (program)


State 41

    0 $accept: program $end .

    $default  accept


State 42

    1 program: program term .

    $default  reduce using rule 1 (program)
